[debug] [2025-06-02T11:26:06.598Z] ----------------------------------------------------------------------
[debug] [2025-06-02T11:26:06.604Z] Command:       /opt/homebrew/Cellar/node/23.11.0/bin/node /opt/homebrew/bin/firebase init
[debug] [2025-06-02T11:26:06.605Z] CLI Version:   14.5.1
[debug] [2025-06-02T11:26:06.605Z] Platform:      darwin
[debug] [2025-06-02T11:26:06.605Z] Node Version:  v23.11.0
[debug] [2025-06-02T11:26:06.605Z] Time:          Mon Jun 02 2025 16:56:06 GMT+0530 (India Standard Time)
[debug] [2025-06-02T11:26:06.605Z] ----------------------------------------------------------------------
[debug] 
[debug] [2025-06-02T11:26:06.609Z] > command requires scopes: ["email","openid","https://www.googleapis.com/auth/cloudplatformprojects.readonly","https://www.googleapis.com/auth/firebase","https://www.googleapis.com/auth/cloud-platform"]
[debug] [2025-06-02T11:26:06.609Z] > authorizing via signed-in user (danusharun999@gmail.com)
[info] 
     ######## #### ########  ######## ########     ###     ######  ########
     ##        ##  ##     ## ##       ##     ##  ##   ##  ##       ##
     ######    ##  ########  ######   ########  #########  ######  ######
     ##        ##  ##    ##  ##       ##     ## ##     ##       ## ##
     ##       #### ##     ## ######## ########  ##     ##  ######  ########

You're about to initialize a Firebase project in this directory:

  /Users/danusharun/Documents/Chubby Chan Finances/finance-tracker-app

[debug] [2025-06-02T11:27:15.234Z] ExitPromptError: User force closed the prompt with SIGINT
    at Interface.sigint (/opt/homebrew/lib/node_modules/firebase-tools/node_modules/@inquirer/core/dist/commonjs/lib/create-prompt.js:101:37)
    at Interface.emit (node:events:507:28)
    at Interface.emit (node:domain:489:12)
    at [_ttyWrite] [as _ttyWrite] (node:internal/readline/interface:1129:18)
    at ReadStream.onkeypress (node:internal/readline/interface:268:20)
    at ReadStream.emit (node:events:519:35)
    at ReadStream.emit (node:domain:489:12)
    at emitKeys (node:internal/readline/utils:370:14)
    at emitKeys.next (<anonymous>)
    at ReadStream.onData (node:internal/readline/emitKeypressEvents:64:36)
[error] 
[error] Error: An unexpected error has occurred.
